<?xml version="1.0" encoding="utf-8"?><testsuites><testsuite name="pytest" errors="0" failures="0" skipped="0" tests="6" time="106.142" timestamp="2023-08-23T11:33:48.052126" hostname="cluster-node2"><testcase classname="tests.test_selenium" name="test_test1" time="28.554" /><testcase classname="tests.test_selenium" name="test_components_part1" time="14.728" /><testcase classname="tests.test_selenium" name="test_components_part2" time="17.598" /><testcase classname="tests.test_selenium" name="test_labeled_input" time="14.068" /><testcase classname="tests.test_selenium" name="test_labeled_checkbox_view" time="14.071" /><testcase classname="tests.test_selenium" name="test_subheading_banner_view" time="13.706" /></testsuite></testsuites>